# Logfile created on 2020-06-11 13:41:30 -0400 by logger.rb/66358
D, [2020-06-11T13:41:30.453754 #5956] DEBUG -- : REQUESTING PAGE: GET / with {} and HTTP headers {}
D, [2020-06-11T13:41:31.292078 #5956] DEBUG -- : REQUESTING PAGE: GET /saludar with {} and HTTP headers {}
D, [2020-06-11T14:47:02.336819 #1012] DEBUG -- : REQUESTING PAGE: GET / with {} and HTTP headers {}
D, [2020-06-11T14:56:25.448491 #8372] DEBUG -- : REQUESTING PAGE: GET / with {} and HTTP headers {}
D, [2020-06-11T14:57:06.818431 #1692] DEBUG -- : REQUESTING PAGE: GET / with {} and HTTP headers {}
D, [2020-06-11T14:58:01.460571 #4928] DEBUG -- : REQUESTING PAGE: GET / with {} and HTTP headers {}
D, [2020-06-11T14:59:00.429153 #10556] DEBUG -- : REQUESTING PAGE: GET / with {} and HTTP headers {}
D, [2020-06-11T15:00:51.765676 #6636] DEBUG -- : REQUESTING PAGE: GET / with {} and HTTP headers {}
D, [2020-06-11T22:01:14.279074 #5072] DEBUG -- : REQUESTING PAGE: GET / with {} and HTTP headers {}
D, [2020-06-11T22:03:43.342215 #10684] DEBUG -- : REQUESTING PAGE: GET / with {} and HTTP headers {}
D, [2020-06-11T22:05:57.552888 #4548] DEBUG -- : REQUESTING PAGE: GET / with {} and HTTP headers {}
D, [2020-06-11T22:07:45.781265 #10452] DEBUG -- : REQUESTING PAGE: GET / with {} and HTTP headers {}
D, [2020-06-11T22:30:34.855570 #8064] DEBUG -- : REQUESTING PAGE: GET / with {} and HTTP headers {}
D, [2020-06-11T22:50:17.674943 #11104] DEBUG -- : REQUESTING PAGE: GET / with {} and HTTP headers {}
D, [2020-06-11T22:53:44.757909 #5416] DEBUG -- : REQUESTING PAGE: GET / with {} and HTTP headers {}
D, [2020-06-11T22:54:31.652387 #8348] DEBUG -- : REQUESTING PAGE: GET / with {} and HTTP headers {}
D, [2020-06-11T22:54:32.139362 #8348] DEBUG -- : REQUESTING PAGE: POST /inputCoding with {"numberToInput"=>"1234"} and HTTP headers {"HTTP_REFERER"=>"/"}
D, [2020-06-11T22:55:01.005106 #4168] DEBUG -- : REQUESTING PAGE: GET / with {} and HTTP headers {}
D, [2020-06-11T22:55:01.451639 #4168] DEBUG -- : REQUESTING PAGE: POST /inputCoding with {"numberToInput"=>"1234"} and HTTP headers {"HTTP_REFERER"=>"/"}
D, [2020-06-11T22:55:01.544383 #4168] DEBUG -- : REQUESTING PAGE: GET /game with {} and HTTP headers {"HTTP_REFERER"=>"/inputCoding"}
D, [2020-06-11T23:06:18.291022 #8036] DEBUG -- : REQUESTING PAGE: GET / with {} and HTTP headers {}
D, [2020-06-11T23:06:18.602540 #8036] DEBUG -- : REQUESTING PAGE: POST /inputCoding with {"numberToInput"=>"1234"} and HTTP headers {"HTTP_REFERER"=>"/"}
D, [2020-06-11T23:06:18.679656 #8036] DEBUG -- : REQUESTING PAGE: GET /game with {} and HTTP headers {"HTTP_REFERER"=>"/inputCoding"}
D, [2020-06-12T01:15:22.906353 #11648] DEBUG -- : REQUESTING PAGE: GET / with {} and HTTP headers {}
D, [2020-06-12T01:15:23.087859 #11648] DEBUG -- : REQUESTING PAGE: GET / with {} and HTTP headers {}
D, [2020-06-12T01:15:23.131710 #11648] DEBUG -- : REQUESTING PAGE: POST /inputCoding with {"numberToInput"=>"1234", "dificultad"=>"4"} and HTTP headers {"HTTP_REFERER"=>"/"}
D, [2020-06-12T01:15:23.163623 #11648] DEBUG -- : REQUESTING PAGE: GET /game with {} and HTTP headers {"HTTP_REFERER"=>"/inputCoding"}
D, [2020-06-12T01:19:51.074188 #6688] DEBUG -- : REQUESTING PAGE: GET / with {} and HTTP headers {}
D, [2020-06-12T01:19:51.224832 #6688] DEBUG -- : REQUESTING PAGE: GET / with {} and HTTP headers {}
D, [2020-06-12T01:19:51.277612 #6688] DEBUG -- : REQUESTING PAGE: POST /inputCoding with {"numberToInput"=>"1234", "dificultad"=>"4"} and HTTP headers {"HTTP_REFERER"=>"/"}
D, [2020-06-12T01:19:51.307016 #6688] DEBUG -- : REQUESTING PAGE: GET /game with {} and HTTP headers {"HTTP_REFERER"=>"/inputCoding"}
D, [2020-06-12T01:20:22.777539 #7348] DEBUG -- : REQUESTING PAGE: GET / with {} and HTTP headers {}
D, [2020-06-12T01:20:23.061000 #7348] DEBUG -- : REQUESTING PAGE: GET / with {} and HTTP headers {}
D, [2020-06-12T01:20:23.070404 #7348] DEBUG -- : REQUESTING PAGE: POST /inputCoding with {"numberToInput"=>"1234", "dificultad"=>"4"} and HTTP headers {"HTTP_REFERER"=>"/"}
D, [2020-06-12T01:20:23.149983 #7348] DEBUG -- : REQUESTING PAGE: GET /game with {} and HTTP headers {"HTTP_REFERER"=>"/inputCoding"}
D, [2020-06-12T01:35:12.618204 #11620] DEBUG -- : REQUESTING PAGE: GET / with {} and HTTP headers {}
D, [2020-06-12T01:35:12.795320 #11620] DEBUG -- : REQUESTING PAGE: GET / with {} and HTTP headers {}
D, [2020-06-12T01:35:12.836090 #11620] DEBUG -- : REQUESTING PAGE: POST /inputCoding with {"numberToInput"=>"1234", "dificultad"=>"4"} and HTTP headers {"HTTP_REFERER"=>"/"}
D, [2020-06-12T01:35:12.881250 #11620] DEBUG -- : REQUESTING PAGE: GET /game with {} and HTTP headers {"HTTP_REFERER"=>"/inputCoding"}
D, [2020-06-12T01:35:32.285747 #3788] DEBUG -- : REQUESTING PAGE: GET / with {} and HTTP headers {}
D, [2020-06-12T01:35:32.477372 #3788] DEBUG -- : REQUESTING PAGE: GET / with {} and HTTP headers {}
D, [2020-06-12T01:35:32.514100 #3788] DEBUG -- : REQUESTING PAGE: POST /inputCoding with {"numberToInput"=>"1234", "dificultad"=>"4"} and HTTP headers {"HTTP_REFERER"=>"/"}
D, [2020-06-12T01:35:32.540107 #3788] DEBUG -- : REQUESTING PAGE: GET /game with {} and HTTP headers {"HTTP_REFERER"=>"/inputCoding"}
D, [2020-06-12T01:37:17.099694 #1900] DEBUG -- : REQUESTING PAGE: GET / with {} and HTTP headers {}
D, [2020-06-12T01:37:17.307330 #1900] DEBUG -- : REQUESTING PAGE: GET / with {} and HTTP headers {}
D, [2020-06-12T01:37:17.338338 #1900] DEBUG -- : REQUESTING PAGE: POST /inputCoding with {"numberToInput"=>"1234", "dificultad"=>"4"} and HTTP headers {"HTTP_REFERER"=>"/"}
D, [2020-06-12T01:37:17.389449 #1900] DEBUG -- : REQUESTING PAGE: GET /game with {} and HTTP headers {"HTTP_REFERER"=>"/inputCoding"}
D, [2020-06-12T01:38:21.417340 #9308] DEBUG -- : REQUESTING PAGE: GET / with {} and HTTP headers {}
D, [2020-06-12T01:38:21.587678 #9308] DEBUG -- : REQUESTING PAGE: GET / with {} and HTTP headers {}
D, [2020-06-12T01:38:21.637469 #9308] DEBUG -- : REQUESTING PAGE: POST /inputCoding with {"numberToInput"=>"1234", "dificultad"=>"4"} and HTTP headers {"HTTP_REFERER"=>"/"}
D, [2020-06-12T01:38:21.664816 #9308] DEBUG -- : REQUESTING PAGE: GET /game with {} and HTTP headers {"HTTP_REFERER"=>"/inputCoding"}
D, [2020-06-15T18:29:27.027446 #2880] DEBUG -- : REQUESTING PAGE: GET / with {} and HTTP headers {}
D, [2020-06-15T18:29:27.286752 #2880] DEBUG -- : REQUESTING PAGE: GET / with {} and HTTP headers {}
D, [2020-06-15T18:30:16.232781 #8232] DEBUG -- : REQUESTING PAGE: GET / with {} and HTTP headers {}
D, [2020-06-15T18:58:37.323426 #13660] DEBUG -- : REQUESTING PAGE: GET / with {} and HTTP headers {}
D, [2020-06-15T18:59:45.668603 #12972] DEBUG -- : REQUESTING PAGE: GET / with {} and HTTP headers {}
D, [2020-06-15T19:10:05.239951 #9088] DEBUG -- : REQUESTING PAGE: GET http://localhost:4567/ with {} and HTTP headers {}
D, [2020-06-15T19:11:12.290728 #9784] DEBUG -- : REQUESTING PAGE: GET http://localhost:4567/ with {} and HTTP headers {}
D, [2020-06-15T19:11:55.342392 #14772] DEBUG -- : REQUESTING PAGE: GET http://localhost:4567/ with {} and HTTP headers {}
D, [2020-06-15T19:16:22.180128 #7220] DEBUG -- : REQUESTING PAGE: GET http://localhost:4567/ with {} and HTTP headers {}
D, [2020-06-15T19:17:45.614572 #13628] DEBUG -- : REQUESTING PAGE: GET http://localhost:4567/ with {} and HTTP headers {}
D, [2020-06-15T19:27:10.831078 #13364] DEBUG -- : REQUESTING PAGE: GET http://localhost:4567/ with {} and HTTP headers {}
D, [2020-06-15T19:31:20.140401 #7220] DEBUG -- : REQUESTING PAGE: GET http://localhost:4567/ with {} and HTTP headers {}
D, [2020-06-15T19:41:05.794719 #1060] DEBUG -- : REQUESTING PAGE: GET http://localhost:4567/ with {} and HTTP headers {}
D, [2020-06-15T19:44:51.195017 #2056] DEBUG -- : REQUESTING PAGE: GET http://localhost:4567/ with {} and HTTP headers {}
D, [2020-06-15T22:25:11.307723 #11256] DEBUG -- : REQUESTING PAGE: GET http://localhost:4567/ with {} and HTTP headers {}
D, [2020-06-15T22:27:28.229912 #7244] DEBUG -- : REQUESTING PAGE: GET http://localhost:4567/ with {} and HTTP headers {}
D, [2020-06-15T22:28:35.357108 #10480] DEBUG -- : REQUESTING PAGE: GET http://localhost:4567/ with {} and HTTP headers {}
D, [2020-06-15T22:29:20.945491 #8608] DEBUG -- : REQUESTING PAGE: GET http://localhost:4567/ with {} and HTTP headers {}
D, [2020-06-15T22:29:52.175284 #4744] DEBUG -- : REQUESTING PAGE: GET http://localhost:4567/ with {} and HTTP headers {}
D, [2020-06-15T22:29:52.286590 #4744] DEBUG -- : REQUESTING PAGE: POST /setData with {"difficult"=>"4", "gameMode"=>"N", "players"=>"2"} and HTTP headers {"HTTP_REFERER"=>"http://localhost:4567/"}
D, [2020-06-15T22:31:10.070141 #10864] DEBUG -- : REQUESTING PAGE: GET http://localhost:4567/ with {} and HTTP headers {}
D, [2020-06-15T22:31:10.178297 #10864] DEBUG -- : REQUESTING PAGE: POST /setData with {"difficult"=>"4", "gameMode"=>"N", "players"=>"2"} and HTTP headers {"HTTP_REFERER"=>"http://localhost:4567/"}
D, [2020-06-15T22:31:10.193367 #10864] DEBUG -- : REQUESTING PAGE: GET http://localhost:4567/twoplayers with {} and HTTP headers {"HTTP_REFERER"=>"/setData"}
D, [2020-06-15T22:34:56.747839 #3196] DEBUG -- : REQUESTING PAGE: GET http://localhost:4567/ with {} and HTTP headers {}
D, [2020-06-15T22:34:56.856451 #3196] DEBUG -- : REQUESTING PAGE: POST /setData with {"difficult"=>"4", "gameMode"=>"C", "players"=>"1"} and HTTP headers {"HTTP_REFERER"=>"http://localhost:4567/"}
D, [2020-06-15T22:34:56.876324 #3196] DEBUG -- : REQUESTING PAGE: GET http://localhost:4567/ with {} and HTTP headers {}
D, [2020-06-15T22:34:56.885691 #3196] DEBUG -- : REQUESTING PAGE: POST /setData with {"difficult"=>"4", "gameMode"=>"N", "players"=>"2"} and HTTP headers {"HTTP_REFERER"=>"http://localhost:4567/"}
D, [2020-06-15T22:35:33.962642 #8720] DEBUG -- : REQUESTING PAGE: GET http://localhost:4567/ with {} and HTTP headers {}
D, [2020-06-15T22:35:34.061551 #8720] DEBUG -- : REQUESTING PAGE: POST /setData with {"difficult"=>"4", "gameMode"=>"C", "players"=>"1"} and HTTP headers {"HTTP_REFERER"=>"http://localhost:4567/"}
D, [2020-06-15T22:35:34.084143 #8720] DEBUG -- : REQUESTING PAGE: GET http://localhost:4567/ with {} and HTTP headers {}
D, [2020-06-15T22:35:34.106017 #8720] DEBUG -- : REQUESTING PAGE: POST /setData with {"difficult"=>"4", "gameMode"=>"N", "players"=>"2"} and HTTP headers {"HTTP_REFERER"=>"http://localhost:4567/"}
D, [2020-06-15T22:37:52.776380 #9896] DEBUG -- : REQUESTING PAGE: GET http://localhost:4567/ with {} and HTTP headers {}
D, [2020-06-15T22:37:52.884593 #9896] DEBUG -- : REQUESTING PAGE: POST /setData with {"difficult"=>"4", "gameMode"=>"C", "players"=>"1"} and HTTP headers {"HTTP_REFERER"=>"http://localhost:4567/"}
D, [2020-06-15T22:37:52.904600 #9896] DEBUG -- : REQUESTING PAGE: GET http://localhost:4567/ with {} and HTTP headers {}
D, [2020-06-15T22:37:52.938988 #9896] DEBUG -- : REQUESTING PAGE: POST /setData with {"difficult"=>"4", "gameMode"=>"N", "players"=>"2"} and HTTP headers {"HTTP_REFERER"=>"http://localhost:4567/"}
D, [2020-06-15T22:38:21.018748 #7284] DEBUG -- : REQUESTING PAGE: GET http://localhost:4567/ with {} and HTTP headers {}
D, [2020-06-15T22:38:21.125850 #7284] DEBUG -- : REQUESTING PAGE: POST /setData with {"difficult"=>"4", "gameMode"=>"C", "players"=>"1"} and HTTP headers {"HTTP_REFERER"=>"http://localhost:4567/"}
D, [2020-06-15T22:38:58.442929 #5380] DEBUG -- : REQUESTING PAGE: GET http://localhost:4567/ with {} and HTTP headers {}
D, [2020-06-15T22:38:58.547562 #5380] DEBUG -- : REQUESTING PAGE: POST /setData with {"difficult"=>"4", "gameMode"=>"C", "players"=>"1"} and HTTP headers {"HTTP_REFERER"=>"http://localhost:4567/"}
D, [2020-06-15T22:40:00.403061 #1920] DEBUG -- : REQUESTING PAGE: GET http://localhost:4567/ with {} and HTTP headers {}
D, [2020-06-15T22:40:00.523481 #1920] DEBUG -- : REQUESTING PAGE: POST /setData with {"difficult"=>"4", "gameMode"=>"C", "players"=>"1"} and HTTP headers {"HTTP_REFERER"=>"http://localhost:4567/"}
D, [2020-06-15T22:40:14.630495 #8936] DEBUG -- : REQUESTING PAGE: GET http://localhost:4567/ with {} and HTTP headers {}
D, [2020-06-15T22:40:14.756142 #8936] DEBUG -- : REQUESTING PAGE: POST /setData with {"difficult"=>"4", "gameMode"=>"C", "players"=>"1"} and HTTP headers {"HTTP_REFERER"=>"http://localhost:4567/"}
D, [2020-06-15T22:40:32.160413 #7148] DEBUG -- : REQUESTING PAGE: GET http://localhost:4567/ with {} and HTTP headers {}
D, [2020-06-15T22:40:32.293441 #7148] DEBUG -- : REQUESTING PAGE: POST /setData with {"difficult"=>"4", "gameMode"=>"C", "players"=>"1"} and HTTP headers {"HTTP_REFERER"=>"http://localhost:4567/"}
D, [2020-06-15T22:41:42.698300 #10580] DEBUG -- : REQUESTING PAGE: GET http://localhost:4567/ with {} and HTTP headers {}
D, [2020-06-15T22:41:42.808623 #10580] DEBUG -- : REQUESTING PAGE: POST /setData with {"difficult"=>"4", "gameMode"=>"N", "players"=>"2"} and HTTP headers {"HTTP_REFERER"=>"http://localhost:4567/"}
D, [2020-06-15T22:41:42.827749 #10580] DEBUG -- : REQUESTING PAGE: GET http://localhost:4567/twoplayers with {} and HTTP headers {"HTTP_REFERER"=>"/setData"}
D, [2020-06-15T22:42:29.121323 #1680] DEBUG -- : REQUESTING PAGE: GET http://localhost:4567/ with {} and HTTP headers {}
D, [2020-06-15T22:42:29.253980 #1680] DEBUG -- : REQUESTING PAGE: POST /setData with {"difficult"=>"4", "gameMode"=>"N", "players"=>"2"} and HTTP headers {"HTTP_REFERER"=>"http://localhost:4567/"}
D, [2020-06-15T22:42:29.277099 #1680] DEBUG -- : REQUESTING PAGE: GET http://localhost:4567/twoplayers with {} and HTTP headers {"HTTP_REFERER"=>"/setData"}
D, [2020-06-15T22:42:29.293003 #1680] DEBUG -- : REQUESTING PAGE: GET http://localhost:4567/ with {} and HTTP headers {}
D, [2020-06-15T22:42:44.947601 #3600] DEBUG -- : REQUESTING PAGE: GET http://localhost:4567/ with {} and HTTP headers {}
D, [2020-06-15T22:42:45.088333 #3600] DEBUG -- : REQUESTING PAGE: POST /setData with {"difficult"=>"4", "gameMode"=>"N", "players"=>"2"} and HTTP headers {"HTTP_REFERER"=>"http://localhost:4567/"}
D, [2020-06-15T22:42:45.109539 #3600] DEBUG -- : REQUESTING PAGE: GET http://localhost:4567/twoplayers with {} and HTTP headers {"HTTP_REFERER"=>"/setData"}
D, [2020-06-15T22:42:45.121561 #3600] DEBUG -- : REQUESTING PAGE: GET http://localhost:4567/ with {} and HTTP headers {}
D, [2020-06-15T22:42:45.130604 #3600] DEBUG -- : REQUESTING PAGE: POST /setData with {"difficult"=>"4", "gameMode"=>"C", "players"=>"1"} and HTTP headers {"HTTP_REFERER"=>"http://localhost:4567/"}
D, [2020-06-15T22:43:06.260792 #2248] DEBUG -- : REQUESTING PAGE: GET http://localhost:4567/ with {} and HTTP headers {}
D, [2020-06-15T22:43:06.387558 #2248] DEBUG -- : REQUESTING PAGE: POST /setData with {"difficult"=>"4", "gameMode"=>"N", "players"=>"2"} and HTTP headers {"HTTP_REFERER"=>"http://localhost:4567/"}
D, [2020-06-15T22:43:06.403865 #2248] DEBUG -- : REQUESTING PAGE: GET http://localhost:4567/twoplayers with {} and HTTP headers {"HTTP_REFERER"=>"/setData"}
D, [2020-06-15T22:43:06.435230 #2248] DEBUG -- : REQUESTING PAGE: GET http://localhost:4567/ with {} and HTTP headers {}
D, [2020-06-15T22:43:06.455248 #2248] DEBUG -- : REQUESTING PAGE: POST /setData with {"difficult"=>"4", "gameMode"=>"C", "players"=>"1"} and HTTP headers {"HTTP_REFERER"=>"http://localhost:4567/"}
D, [2020-06-15T22:43:06.470899 #2248] DEBUG -- : REQUESTING PAGE: GET http://localhost:4567/twoplayers with {} and HTTP headers {"HTTP_REFERER"=>"/setData"}
D, [2020-06-15T22:44:25.884542 #3980] DEBUG -- : REQUESTING PAGE: GET http://localhost:4567/ with {} and HTTP headers {}
D, [2020-06-15T22:44:26.007734 #3980] DEBUG -- : REQUESTING PAGE: POST /setData with {"difficult"=>"4", "gameMode"=>"N", "players"=>"2"} and HTTP headers {"HTTP_REFERER"=>"http://localhost:4567/"}
D, [2020-06-15T22:44:26.039211 #3980] DEBUG -- : REQUESTING PAGE: GET http://localhost:4567/ with {} and HTTP headers {}
D, [2020-06-15T22:44:26.058737 #3980] DEBUG -- : REQUESTING PAGE: POST /setData with {"difficult"=>"4", "gameMode"=>"C", "players"=>"1"} and HTTP headers {"HTTP_REFERER"=>"http://localhost:4567/"}
D, [2020-06-15T22:45:03.566733 #4396] DEBUG -- : REQUESTING PAGE: GET http://localhost:4567/ with {} and HTTP headers {}
D, [2020-06-15T22:45:03.676491 #4396] DEBUG -- : REQUESTING PAGE: POST /setData with {"difficult"=>"4", "gameMode"=>"N", "players"=>"2"} and HTTP headers {"HTTP_REFERER"=>"http://localhost:4567/"}
D, [2020-06-15T22:45:34.122181 #4860] DEBUG -- : REQUESTING PAGE: GET http://localhost:4567/ with {} and HTTP headers {}
D, [2020-06-15T22:45:34.233953 #4860] DEBUG -- : REQUESTING PAGE: POST /setData with {"difficult"=>"4", "gameMode"=>"N", "players"=>"2"} and HTTP headers {"HTTP_REFERER"=>"http://localhost:4567/"}
D, [2020-06-15T22:46:01.007570 #7940] DEBUG -- : REQUESTING PAGE: GET http://localhost:4567/ with {} and HTTP headers {}
D, [2020-06-15T22:46:01.114703 #7940] DEBUG -- : REQUESTING PAGE: POST /setData with {"difficult"=>"4", "gameMode"=>"N", "players"=>"2"} and HTTP headers {"HTTP_REFERER"=>"http://localhost:4567/"}
D, [2020-06-15T22:46:01.137920 #7940] DEBUG -- : REQUESTING PAGE: GET http://localhost:4567/twoplayers with {} and HTTP headers {"HTTP_REFERER"=>"/setData"}
D, [2020-06-15T22:46:23.477495 #6272] DEBUG -- : REQUESTING PAGE: GET http://localhost:4567/ with {} and HTTP headers {}
D, [2020-06-15T22:46:23.584509 #6272] DEBUG -- : REQUESTING PAGE: POST /setData with {"difficult"=>"4", "gameMode"=>"N", "players"=>"2"} and HTTP headers {"HTTP_REFERER"=>"http://localhost:4567/"}
D, [2020-06-15T22:46:45.992052 #6980] DEBUG -- : REQUESTING PAGE: GET http://localhost:4567/ with {} and HTTP headers {}
D, [2020-06-15T22:46:46.106048 #6980] DEBUG -- : REQUESTING PAGE: POST /setData with {"difficult"=>"4", "gameMode"=>"N", "players"=>"2"} and HTTP headers {"HTTP_REFERER"=>"http://localhost:4567/"}
D, [2020-06-15T22:46:46.127282 #6980] DEBUG -- : REQUESTING PAGE: GET http://localhost:4567/twoplayers with {} and HTTP headers {"HTTP_REFERER"=>"/setData"}
D, [2020-06-15T22:47:01.698607 #3448] DEBUG -- : REQUESTING PAGE: GET http://localhost:4567/ with {} and HTTP headers {}
D, [2020-06-15T22:47:01.810974 #3448] DEBUG -- : REQUESTING PAGE: POST /setData with {"difficult"=>"4", "gameMode"=>"N", "players"=>"2"} and HTTP headers {"HTTP_REFERER"=>"http://localhost:4567/"}
D, [2020-06-15T22:47:01.833348 #3448] DEBUG -- : REQUESTING PAGE: GET http://localhost:4567/twoplayers with {} and HTTP headers {"HTTP_REFERER"=>"/setData"}
D, [2020-06-15T22:48:01.893269 #7900] DEBUG -- : REQUESTING PAGE: GET http://localhost:4567/ with {} and HTTP headers {}
D, [2020-06-15T22:48:02.002232 #7900] DEBUG -- : REQUESTING PAGE: POST /setData with {"difficult"=>"4", "gameMode"=>"N", "players"=>"2"} and HTTP headers {"HTTP_REFERER"=>"http://localhost:4567/"}
D, [2020-06-15T22:48:02.029810 #7900] DEBUG -- : REQUESTING PAGE: GET http://localhost:4567/twoplayers with {} and HTTP headers {"HTTP_REFERER"=>"/setData"}
D, [2020-06-15T22:48:02.038380 #7900] DEBUG -- : REQUESTING PAGE: GET http://localhost:4567/ with {} and HTTP headers {}
D, [2020-06-15T22:48:02.068998 #7900] DEBUG -- : REQUESTING PAGE: POST /setData with {"difficult"=>"4", "gameMode"=>"C", "players"=>"1"} and HTTP headers {"HTTP_REFERER"=>"http://localhost:4567/"}
D, [2020-06-15T22:48:54.930875 #10852] DEBUG -- : REQUESTING PAGE: GET http://localhost:4567/ with {} and HTTP headers {}
D, [2020-06-15T22:48:55.042183 #10852] DEBUG -- : REQUESTING PAGE: POST /setData with {"difficult"=>"4", "gameMode"=>"N", "players"=>"2"} and HTTP headers {"HTTP_REFERER"=>"http://localhost:4567/"}
D, [2020-06-15T22:48:55.064554 #10852] DEBUG -- : REQUESTING PAGE: GET http://localhost:4567/twoplayers with {} and HTTP headers {"HTTP_REFERER"=>"/setData"}
D, [2020-06-15T22:48:55.082201 #10852] DEBUG -- : REQUESTING PAGE: GET http://localhost:4567/ with {} and HTTP headers {}
D, [2020-06-15T22:48:55.102841 #10852] DEBUG -- : REQUESTING PAGE: POST /setData with {"difficult"=>"4", "gameMode"=>"C", "players"=>"1"} and HTTP headers {"HTTP_REFERER"=>"http://localhost:4567/"}
D, [2020-06-15T22:48:55.117240 #10852] DEBUG -- : REQUESTING PAGE: GET http://localhost:4567/oneplayer with {} and HTTP headers {"HTTP_REFERER"=>"/setData"}
D, [2020-06-15T22:51:20.078442 #876] DEBUG -- : REQUESTING PAGE: GET http://localhost:4567/ with {} and HTTP headers {}
D, [2020-06-15T22:51:20.178096 #876] DEBUG -- : REQUESTING PAGE: POST /setData with {"difficult"=>"4", "gameMode"=>"C", "players"=>"1"} and HTTP headers {"HTTP_REFERER"=>"http://localhost:4567/"}
D, [2020-06-15T22:51:20.198346 #876] DEBUG -- : REQUESTING PAGE: GET http://localhost:4567/oneplayer with {} and HTTP headers {"HTTP_REFERER"=>"/setData"}
D, [2020-06-15T22:51:20.212401 #876] DEBUG -- : REQUESTING PAGE: GET http://localhost:4567/ with {} and HTTP headers {}
D, [2020-06-15T22:51:20.235380 #876] DEBUG -- : REQUESTING PAGE: GET http://localhost:4567/ with {} and HTTP headers {}
D, [2020-06-15T22:51:20.267523 #876] DEBUG -- : REQUESTING PAGE: POST /setData with {"difficult"=>"4", "gameMode"=>"N", "players"=>"2"} and HTTP headers {"HTTP_REFERER"=>"http://localhost:4567/"}
D, [2020-06-15T22:51:20.283378 #876] DEBUG -- : REQUESTING PAGE: GET http://localhost:4567/twoplayers with {} and HTTP headers {"HTTP_REFERER"=>"/setData"}
D, [2020-06-15T22:52:08.576562 #5212] DEBUG -- : REQUESTING PAGE: GET http://localhost:4567/ with {} and HTTP headers {}
D, [2020-06-15T22:52:08.676934 #5212] DEBUG -- : REQUESTING PAGE: POST /setData with {"difficult"=>"4", "gameMode"=>"C", "players"=>"1"} and HTTP headers {"HTTP_REFERER"=>"http://localhost:4567/"}
D, [2020-06-15T22:52:08.693561 #5212] DEBUG -- : REQUESTING PAGE: GET http://localhost:4567/oneplayer with {} and HTTP headers {"HTTP_REFERER"=>"/setData"}
D, [2020-06-15T22:52:08.697704 #5212] DEBUG -- : REQUESTING PAGE: GET http://localhost:4567/ with {} and HTTP headers {}
D, [2020-06-15T22:52:08.715532 #5212] DEBUG -- : REQUESTING PAGE: POST /setData with {"difficult"=>"6", "gameMode"=>"C", "players"=>"1"} and HTTP headers {"HTTP_REFERER"=>"http://localhost:4567/"}
D, [2020-06-15T22:52:08.732265 #5212] DEBUG -- : REQUESTING PAGE: GET http://localhost:4567/oneplayer with {} and HTTP headers {"HTTP_REFERER"=>"/setData"}
D, [2020-06-15T22:52:08.748521 #5212] DEBUG -- : REQUESTING PAGE: GET http://localhost:4567/ with {} and HTTP headers {}
D, [2020-06-15T22:52:08.787438 #5212] DEBUG -- : REQUESTING PAGE: POST /setData with {"difficult"=>"4", "gameMode"=>"N", "players"=>"2"} and HTTP headers {"HTTP_REFERER"=>"http://localhost:4567/"}
D, [2020-06-15T22:52:08.803751 #5212] DEBUG -- : REQUESTING PAGE: GET http://localhost:4567/twoplayers with {} and HTTP headers {"HTTP_REFERER"=>"/setData"}
D, [2020-06-15T22:53:19.619568 #5456] DEBUG -- : REQUESTING PAGE: GET http://localhost:4567/ with {} and HTTP headers {}
D, [2020-06-15T22:53:19.756155 #5456] DEBUG -- : REQUESTING PAGE: POST /setData with {"difficult"=>"4", "gameMode"=>"C", "players"=>"1"} and HTTP headers {"HTTP_REFERER"=>"http://localhost:4567/"}
D, [2020-06-15T22:53:19.792196 #5456] DEBUG -- : REQUESTING PAGE: GET http://localhost:4567/oneplayer with {} and HTTP headers {"HTTP_REFERER"=>"/setData"}
D, [2020-06-15T22:53:19.810310 #5456] DEBUG -- : REQUESTING PAGE: GET http://localhost:4567/ with {} and HTTP headers {}
D, [2020-06-15T22:53:19.843481 #5456] DEBUG -- : REQUESTING PAGE: POST /setData with {"difficult"=>"6", "gameMode"=>"C", "players"=>"1"} and HTTP headers {"HTTP_REFERER"=>"http://localhost:4567/"}
D, [2020-06-15T22:53:19.861312 #5456] DEBUG -- : REQUESTING PAGE: GET http://localhost:4567/oneplayer with {} and HTTP headers {"HTTP_REFERER"=>"/setData"}
D, [2020-06-15T22:53:19.892934 #5456] DEBUG -- : REQUESTING PAGE: GET http://localhost:4567/ with {} and HTTP headers {}
D, [2020-06-15T22:53:19.943535 #5456] DEBUG -- : REQUESTING PAGE: GET http://localhost:4567/ with {} and HTTP headers {}
D, [2020-06-15T22:53:19.981447 #5456] DEBUG -- : REQUESTING PAGE: POST /setData with {"difficult"=>"4", "gameMode"=>"N", "players"=>"2"} and HTTP headers {"HTTP_REFERER"=>"http://localhost:4567/"}
D, [2020-06-15T22:53:19.993738 #5456] DEBUG -- : REQUESTING PAGE: GET http://localhost:4567/twoplayers with {} and HTTP headers {"HTTP_REFERER"=>"/setData"}
D, [2020-06-15T22:53:50.437790 #8376] DEBUG -- : REQUESTING PAGE: GET http://localhost:4567/ with {} and HTTP headers {}
D, [2020-06-15T22:53:50.561963 #8376] DEBUG -- : REQUESTING PAGE: POST /setData with {"difficult"=>"4", "gameMode"=>"C", "players"=>"1"} and HTTP headers {"HTTP_REFERER"=>"http://localhost:4567/"}
D, [2020-06-15T22:53:50.593247 #8376] DEBUG -- : REQUESTING PAGE: GET http://localhost:4567/oneplayer with {} and HTTP headers {"HTTP_REFERER"=>"/setData"}
D, [2020-06-15T22:53:50.597673 #8376] DEBUG -- : REQUESTING PAGE: GET http://localhost:4567/ with {} and HTTP headers {}
D, [2020-06-15T22:53:50.616822 #8376] DEBUG -- : REQUESTING PAGE: POST /setData with {"difficult"=>"6", "gameMode"=>"C", "players"=>"1"} and HTTP headers {"HTTP_REFERER"=>"http://localhost:4567/"}
D, [2020-06-15T22:53:50.630652 #8376] DEBUG -- : REQUESTING PAGE: GET http://localhost:4567/oneplayer with {} and HTTP headers {"HTTP_REFERER"=>"/setData"}
D, [2020-06-15T22:53:50.648630 #8376] DEBUG -- : REQUESTING PAGE: GET http://localhost:4567/ with {} and HTTP headers {}
D, [2020-06-15T22:53:50.670513 #8376] DEBUG -- : REQUESTING PAGE: POST /setData with {"difficult"=>"8", "gameMode"=>"C", "players"=>"1"} and HTTP headers {"HTTP_REFERER"=>"http://localhost:4567/"}
D, [2020-06-15T22:53:50.683481 #8376] DEBUG -- : REQUESTING PAGE: GET http://localhost:4567/oneplayer with {} and HTTP headers {"HTTP_REFERER"=>"/setData"}
D, [2020-06-15T22:53:50.704525 #8376] DEBUG -- : REQUESTING PAGE: GET http://localhost:4567/ with {} and HTTP headers {}
D, [2020-06-15T22:53:50.730978 #8376] DEBUG -- : REQUESTING PAGE: POST /setData with {"difficult"=>"4", "gameMode"=>"N", "players"=>"2"} and HTTP headers {"HTTP_REFERER"=>"http://localhost:4567/"}
D, [2020-06-15T22:53:50.746957 #8376] DEBUG -- : REQUESTING PAGE: GET http://localhost:4567/twoplayers with {} and HTTP headers {"HTTP_REFERER"=>"/setData"}
D, [2020-06-15T22:56:05.956075 #8800] DEBUG -- : REQUESTING PAGE: GET http://localhost:4567/ with {} and HTTP headers {}
D, [2020-06-15T22:56:06.058314 #8800] DEBUG -- : REQUESTING PAGE: POST /setData with {"difficult"=>"4", "gameMode"=>"C", "players"=>"1"} and HTTP headers {"HTTP_REFERER"=>"http://localhost:4567/"}
D, [2020-06-15T22:56:06.083117 #8800] DEBUG -- : REQUESTING PAGE: GET http://localhost:4567/oneplayer with {} and HTTP headers {"HTTP_REFERER"=>"/setData"}
D, [2020-06-15T22:56:06.102034 #8800] DEBUG -- : REQUESTING PAGE: GET http://localhost:4567/ with {} and HTTP headers {}
D, [2020-06-15T22:56:06.124834 #8800] DEBUG -- : REQUESTING PAGE: POST /setData with {"difficult"=>"6", "gameMode"=>"C", "players"=>"1"} and HTTP headers {"HTTP_REFERER"=>"http://localhost:4567/"}
D, [2020-06-15T22:56:06.139207 #8800] DEBUG -- : REQUESTING PAGE: GET http://localhost:4567/oneplayer with {} and HTTP headers {"HTTP_REFERER"=>"/setData"}
D, [2020-06-15T22:56:06.157657 #8800] DEBUG -- : REQUESTING PAGE: GET http://localhost:4567/ with {} and HTTP headers {}
D, [2020-06-15T22:56:06.187822 #8800] DEBUG -- : REQUESTING PAGE: POST /setData with {"difficult"=>"8", "gameMode"=>"C", "players"=>"1"} and HTTP headers {"HTTP_REFERER"=>"http://localhost:4567/"}
D, [2020-06-15T22:56:06.204348 #8800] DEBUG -- : REQUESTING PAGE: GET http://localhost:4567/oneplayer with {} and HTTP headers {"HTTP_REFERER"=>"/setData"}
D, [2020-06-15T22:56:06.220636 #8800] DEBUG -- : REQUESTING PAGE: GET http://localhost:4567/ with {} and HTTP headers {}
D, [2020-06-15T22:56:06.268190 #8800] DEBUG -- : REQUESTING PAGE: GET http://localhost:4567/ with {} and HTTP headers {}
D, [2020-06-15T22:56:06.302336 #8800] DEBUG -- : REQUESTING PAGE: POST /setData with {"difficult"=>"4", "gameMode"=>"N", "players"=>"2"} and HTTP headers {"HTTP_REFERER"=>"http://localhost:4567/"}
D, [2020-06-15T22:56:06.318030 #8800] DEBUG -- : REQUESTING PAGE: GET http://localhost:4567/twoplayers with {} and HTTP headers {"HTTP_REFERER"=>"/setData"}
D, [2020-06-15T22:56:38.608199 #1776] DEBUG -- : REQUESTING PAGE: GET http://localhost:4567/ with {} and HTTP headers {}
D, [2020-06-15T22:56:38.721728 #1776] DEBUG -- : REQUESTING PAGE: POST /setData with {"difficult"=>"4", "gameMode"=>"C", "players"=>"1"} and HTTP headers {"HTTP_REFERER"=>"http://localhost:4567/"}
D, [2020-06-15T22:56:38.756939 #1776] DEBUG -- : REQUESTING PAGE: GET http://localhost:4567/oneplayer with {} and HTTP headers {"HTTP_REFERER"=>"/setData"}
D, [2020-06-15T22:56:38.776143 #1776] DEBUG -- : REQUESTING PAGE: GET http://localhost:4567/ with {} and HTTP headers {}
D, [2020-06-15T22:56:38.808977 #1776] DEBUG -- : REQUESTING PAGE: POST /setData with {"difficult"=>"6", "gameMode"=>"C", "players"=>"1"} and HTTP headers {"HTTP_REFERER"=>"http://localhost:4567/"}
D, [2020-06-15T22:56:38.826871 #1776] DEBUG -- : REQUESTING PAGE: GET http://localhost:4567/oneplayer with {} and HTTP headers {"HTTP_REFERER"=>"/setData"}
D, [2020-06-15T22:56:38.846613 #1776] DEBUG -- : REQUESTING PAGE: GET http://localhost:4567/ with {} and HTTP headers {}
D, [2020-06-15T22:56:38.880684 #1776] DEBUG -- : REQUESTING PAGE: POST /setData with {"difficult"=>"8", "gameMode"=>"C", "players"=>"1"} and HTTP headers {"HTTP_REFERER"=>"http://localhost:4567/"}
D, [2020-06-15T22:56:38.893345 #1776] DEBUG -- : REQUESTING PAGE: GET http://localhost:4567/oneplayer with {} and HTTP headers {"HTTP_REFERER"=>"/setData"}
D, [2020-06-15T22:56:38.911097 #1776] DEBUG -- : REQUESTING PAGE: GET http://localhost:4567/ with {} and HTTP headers {}
D, [2020-06-15T22:56:38.947717 #1776] DEBUG -- : REQUESTING PAGE: POST /setData with {"difficult"=>"4", "gameMode"=>"C", "players"=>"1"} and HTTP headers {"HTTP_REFERER"=>"http://localhost:4567/"}
D, [2020-06-15T22:56:38.960224 #1776] DEBUG -- : REQUESTING PAGE: GET http://localhost:4567/oneplayer with {} and HTTP headers {"HTTP_REFERER"=>"/setData"}
D, [2020-06-15T22:56:38.977063 #1776] DEBUG -- : REQUESTING PAGE: GET http://localhost:4567/ with {} and HTTP headers {}
D, [2020-06-15T22:56:39.025216 #1776] DEBUG -- : REQUESTING PAGE: POST /setData with {"difficult"=>"4", "gameMode"=>"N", "players"=>"2"} and HTTP headers {"HTTP_REFERER"=>"http://localhost:4567/"}
D, [2020-06-15T22:56:39.043312 #1776] DEBUG -- : REQUESTING PAGE: GET http://localhost:4567/twoplayers with {} and HTTP headers {"HTTP_REFERER"=>"/setData"}
D, [2020-06-15T22:57:51.398334 #7212] DEBUG -- : REQUESTING PAGE: GET http://localhost:4567/ with {} and HTTP headers {}
D, [2020-06-15T22:57:51.512002 #7212] DEBUG -- : REQUESTING PAGE: POST /setData with {"difficult"=>"4", "gameMode"=>"C", "players"=>"1"} and HTTP headers {"HTTP_REFERER"=>"http://localhost:4567/"}
D, [2020-06-15T22:57:51.533465 #7212] DEBUG -- : REQUESTING PAGE: GET http://localhost:4567/oneplayer with {} and HTTP headers {"HTTP_REFERER"=>"/setData"}
D, [2020-06-15T22:57:51.550052 #7212] DEBUG -- : REQUESTING PAGE: GET http://localhost:4567/ with {} and HTTP headers {}
D, [2020-06-15T22:57:51.571416 #7212] DEBUG -- : REQUESTING PAGE: POST /setData with {"difficult"=>"6", "gameMode"=>"C", "players"=>"1"} and HTTP headers {"HTTP_REFERER"=>"http://localhost:4567/"}
D, [2020-06-15T22:57:51.583775 #7212] DEBUG -- : REQUESTING PAGE: GET http://localhost:4567/oneplayer with {} and HTTP headers {"HTTP_REFERER"=>"/setData"}
D, [2020-06-15T22:57:51.602066 #7212] DEBUG -- : REQUESTING PAGE: GET http://localhost:4567/ with {} and HTTP headers {}
D, [2020-06-15T22:57:51.639400 #7212] DEBUG -- : REQUESTING PAGE: POST /setData with {"difficult"=>"8", "gameMode"=>"C", "players"=>"1"} and HTTP headers {"HTTP_REFERER"=>"http://localhost:4567/"}
D, [2020-06-15T22:57:51.654487 #7212] DEBUG -- : REQUESTING PAGE: GET http://localhost:4567/oneplayer with {} and HTTP headers {"HTTP_REFERER"=>"/setData"}
D, [2020-06-15T22:57:51.684468 #7212] DEBUG -- : REQUESTING PAGE: GET http://localhost:4567/ with {} and HTTP headers {}
D, [2020-06-15T22:57:51.729742 #7212] DEBUG -- : REQUESTING PAGE: POST /setData with {"difficult"=>"4", "gameMode"=>"C", "players"=>"1"} and HTTP headers {"HTTP_REFERER"=>"http://localhost:4567/"}
D, [2020-06-15T22:57:51.733191 #7212] DEBUG -- : REQUESTING PAGE: GET http://localhost:4567/oneplayer with {} and HTTP headers {"HTTP_REFERER"=>"/setData"}
D, [2020-06-15T22:57:51.739284 #7212] DEBUG -- : REQUESTING PAGE: GET http://localhost:4567/ with {} and HTTP headers {}
D, [2020-06-15T22:57:51.784811 #7212] DEBUG -- : REQUESTING PAGE: POST /setData with {"difficult"=>"4", "gameMode"=>"N", "players"=>"2"} and HTTP headers {"HTTP_REFERER"=>"http://localhost:4567/"}
D, [2020-06-15T22:57:51.801921 #7212] DEBUG -- : REQUESTING PAGE: GET http://localhost:4567/twoplayers with {} and HTTP headers {"HTTP_REFERER"=>"/setData"}
D, [2020-06-15T22:57:51.821234 #7212] DEBUG -- : REQUESTING PAGE: GET http://localhost:4567/ with {} and HTTP headers {}
D, [2020-06-15T22:57:51.867476 #7212] DEBUG -- : REQUESTING PAGE: POST /setData with {"difficult"=>"4", "gameMode"=>"C", "players"=>"2"} and HTTP headers {"HTTP_REFERER"=>"http://localhost:4567/"}
D, [2020-06-15T22:57:51.884885 #7212] DEBUG -- : REQUESTING PAGE: GET http://localhost:4567/twoplayers with {} and HTTP headers {"HTTP_REFERER"=>"/setData"}
D, [2020-06-15T23:01:29.823715 #956] DEBUG -- : REQUESTING PAGE: GET http://localhost:4567/ with {} and HTTP headers {}
D, [2020-06-15T23:01:30.005947 #956] DEBUG -- : REQUESTING PAGE: POST /setData with {"difficult"=>"4", "gameMode"=>"C", "players"=>"1"} and HTTP headers {"HTTP_REFERER"=>"http://localhost:4567/"}
D, [2020-06-15T23:01:30.044550 #956] DEBUG -- : REQUESTING PAGE: GET http://localhost:4567/oneplayer with {} and HTTP headers {"HTTP_REFERER"=>"/setData"}
D, [2020-06-15T23:01:30.074696 #956] DEBUG -- : REQUESTING PAGE: GET http://localhost:4567/ with {} and HTTP headers {}
D, [2020-06-15T23:01:30.111117 #956] DEBUG -- : REQUESTING PAGE: POST /setData with {"difficult"=>"6", "gameMode"=>"C", "players"=>"1"} and HTTP headers {"HTTP_REFERER"=>"http://localhost:4567/"}
D, [2020-06-15T23:01:30.147414 #956] DEBUG -- : REQUESTING PAGE: GET http://localhost:4567/oneplayer with {} and HTTP headers {"HTTP_REFERER"=>"/setData"}
D, [2020-06-15T23:01:30.156132 #956] DEBUG -- : REQUESTING PAGE: GET http://localhost:4567/ with {} and HTTP headers {}
D, [2020-06-15T23:01:30.164597 #956] DEBUG -- : REQUESTING PAGE: POST /setData with {"difficult"=>"8", "gameMode"=>"C", "players"=>"1"} and HTTP headers {"HTTP_REFERER"=>"http://localhost:4567/"}
D, [2020-06-15T23:01:30.177607 #956] DEBUG -- : REQUESTING PAGE: GET http://localhost:4567/oneplayer with {} and HTTP headers {"HTTP_REFERER"=>"/setData"}
D, [2020-06-15T23:01:30.195120 #956] DEBUG -- : REQUESTING PAGE: GET http://localhost:4567/ with {} and HTTP headers {}
D, [2020-06-15T23:01:30.242177 #956] DEBUG -- : REQUESTING PAGE: POST /setData with {"difficult"=>"4", "gameMode"=>"C", "players"=>"1"} and HTTP headers {"HTTP_REFERER"=>"http://localhost:4567/"}
D, [2020-06-15T23:01:30.248394 #956] DEBUG -- : REQUESTING PAGE: GET http://localhost:4567/oneplayer with {} and HTTP headers {"HTTP_REFERER"=>"/setData"}
D, [2020-06-15T23:01:30.260942 #956] DEBUG -- : REQUESTING PAGE: GET http://localhost:4567/ with {} and HTTP headers {}
D, [2020-06-15T23:01:30.290596 #956] DEBUG -- : REQUESTING PAGE: POST /setData with {"difficult"=>"4", "gameMode"=>"N", "players"=>"2"} and HTTP headers {"HTTP_REFERER"=>"http://localhost:4567/"}
D, [2020-06-15T23:01:30.294010 #956] DEBUG -- : REQUESTING PAGE: GET http://localhost:4567/twoplayers with {} and HTTP headers {"HTTP_REFERER"=>"/setData"}
D, [2020-06-15T23:01:30.309932 #956] DEBUG -- : REQUESTING PAGE: GET http://localhost:4567/ with {} and HTTP headers {}
D, [2020-06-15T23:01:30.332317 #956] DEBUG -- : REQUESTING PAGE: POST /setData with {"difficult"=>"4", "gameMode"=>"C", "players"=>"2"} and HTTP headers {"HTTP_REFERER"=>"http://localhost:4567/"}
D, [2020-06-15T23:01:30.343993 #956] DEBUG -- : REQUESTING PAGE: GET http://localhost:4567/twoplayers with {} and HTTP headers {"HTTP_REFERER"=>"/setData"}
D, [2020-06-15T23:02:10.642602 #696] DEBUG -- : REQUESTING PAGE: GET http://localhost:4567/ with {} and HTTP headers {}
D, [2020-06-15T23:02:10.829499 #696] DEBUG -- : REQUESTING PAGE: POST /setData with {"difficult"=>"4", "gameMode"=>"C", "players"=>"1"} and HTTP headers {"HTTP_REFERER"=>"http://localhost:4567/"}
D, [2020-06-15T23:02:10.864651 #696] DEBUG -- : REQUESTING PAGE: GET http://localhost:4567/oneplayer with {} and HTTP headers {"HTTP_REFERER"=>"/setData"}
D, [2020-06-15T23:02:10.923694 #696] DEBUG -- : REQUESTING PAGE: GET http://localhost:4567/ with {} and HTTP headers {}
D, [2020-06-15T23:02:10.950412 #696] DEBUG -- : REQUESTING PAGE: POST /setData with {"difficult"=>"6", "gameMode"=>"C", "players"=>"1"} and HTTP headers {"HTTP_REFERER"=>"http://localhost:4567/"}
D, [2020-06-15T23:02:10.993384 #696] DEBUG -- : REQUESTING PAGE: GET http://localhost:4567/oneplayer with {} and HTTP headers {"HTTP_REFERER"=>"/setData"}
D, [2020-06-15T23:02:10.998115 #696] DEBUG -- : REQUESTING PAGE: GET http://localhost:4567/ with {} and HTTP headers {}
D, [2020-06-15T23:02:11.061604 #696] DEBUG -- : REQUESTING PAGE: POST /setData with {"difficult"=>"8", "gameMode"=>"C", "players"=>"1"} and HTTP headers {"HTTP_REFERER"=>"http://localhost:4567/"}
D, [2020-06-15T23:02:11.091019 #696] DEBUG -- : REQUESTING PAGE: GET http://localhost:4567/oneplayer with {} and HTTP headers {"HTTP_REFERER"=>"/setData"}
D, [2020-06-15T23:02:11.130107 #696] DEBUG -- : REQUESTING PAGE: GET http://localhost:4567/ with {} and HTTP headers {}
D, [2020-06-15T23:02:11.161959 #696] DEBUG -- : REQUESTING PAGE: POST /setData with {"difficult"=>"4", "gameMode"=>"C", "players"=>"1"} and HTTP headers {"HTTP_REFERER"=>"http://localhost:4567/"}
D, [2020-06-15T23:02:11.186178 #696] DEBUG -- : REQUESTING PAGE: GET http://localhost:4567/oneplayer with {} and HTTP headers {"HTTP_REFERER"=>"/setData"}
D, [2020-06-15T23:02:11.193590 #696] DEBUG -- : REQUESTING PAGE: GET http://localhost:4567/ with {} and HTTP headers {}
D, [2020-06-15T23:02:11.239923 #696] DEBUG -- : REQUESTING PAGE: POST /setData with {"difficult"=>"4", "gameMode"=>"N", "players"=>"2"} and HTTP headers {"HTTP_REFERER"=>"http://localhost:4567/"}
D, [2020-06-15T23:02:11.264535 #696] DEBUG -- : REQUESTING PAGE: GET http://localhost:4567/twoplayers with {} and HTTP headers {"HTTP_REFERER"=>"/setData"}
D, [2020-06-15T23:02:11.326089 #696] DEBUG -- : REQUESTING PAGE: GET http://localhost:4567/ with {} and HTTP headers {}
D, [2020-06-15T23:02:11.393339 #696] DEBUG -- : REQUESTING PAGE: POST /setData with {"difficult"=>"4", "gameMode"=>"C", "players"=>"2"} and HTTP headers {"HTTP_REFERER"=>"http://localhost:4567/"}
D, [2020-06-15T23:02:11.397827 #696] DEBUG -- : REQUESTING PAGE: GET http://localhost:4567/twoplayers with {} and HTTP headers {"HTTP_REFERER"=>"/setData"}
D, [2020-06-15T23:13:30.262628 #8164] DEBUG -- : REQUESTING PAGE: GET http://localhost:4567/ with {} and HTTP headers {}
D, [2020-06-15T23:13:30.402927 #8164] DEBUG -- : REQUESTING PAGE: POST /setData with {"difficult"=>"4", "gameMode"=>"C", "players"=>"2"} and HTTP headers {"HTTP_REFERER"=>"http://localhost:4567/"}
D, [2020-06-15T23:13:30.429104 #8164] DEBUG -- : REQUESTING PAGE: GET http://localhost:4567/twoplayers with {} and HTTP headers {"HTTP_REFERER"=>"/setData"}
D, [2020-06-15T23:15:37.981819 #1652] DEBUG -- : REQUESTING PAGE: GET http://localhost:4567/ with {} and HTTP headers {}
D, [2020-06-15T23:15:38.102946 #1652] DEBUG -- : REQUESTING PAGE: POST /setData with {"difficult"=>"4", "gameMode"=>"C", "players"=>"2"} and HTTP headers {"HTTP_REFERER"=>"http://localhost:4567/"}
D, [2020-06-15T23:15:38.124081 #1652] DEBUG -- : REQUESTING PAGE: GET http://localhost:4567/twoplayers with {} and HTTP headers {"HTTP_REFERER"=>"/setData"}
D, [2020-06-15T23:17:01.073058 #6924] DEBUG -- : REQUESTING PAGE: GET http://localhost:4567/ with {} and HTTP headers {}
D, [2020-06-15T23:17:01.193729 #6924] DEBUG -- : REQUESTING PAGE: POST /setData with {"difficult"=>"4", "gameMode"=>"C", "players"=>"2"} and HTTP headers {"HTTP_REFERER"=>"http://localhost:4567/"}
D, [2020-06-15T23:17:01.216376 #6924] DEBUG -- : REQUESTING PAGE: GET http://localhost:4567/twoplayers with {} and HTTP headers {"HTTP_REFERER"=>"/setData"}
D, [2020-06-15T23:18:08.952333 #1452] DEBUG -- : REQUESTING PAGE: GET http://localhost:4567/ with {} and HTTP headers {}
D, [2020-06-15T23:18:09.054690 #1452] DEBUG -- : REQUESTING PAGE: POST /setData with {"difficult"=>"4", "gameMode"=>"C", "players"=>"2"} and HTTP headers {"HTTP_REFERER"=>"http://localhost:4567/"}
D, [2020-06-15T23:18:09.070119 #1452] DEBUG -- : REQUESTING PAGE: GET http://localhost:4567/twoplayers with {} and HTTP headers {"HTTP_REFERER"=>"/setData"}
D, [2020-06-15T23:19:21.238890 #1160] DEBUG -- : REQUESTING PAGE: GET http://localhost:4567/ with {} and HTTP headers {}
D, [2020-06-15T23:19:21.377900 #1160] DEBUG -- : REQUESTING PAGE: POST /setData with {"difficult"=>"4", "gameMode"=>"C", "players"=>"2"} and HTTP headers {"HTTP_REFERER"=>"http://localhost:4567/"}
D, [2020-06-15T23:19:21.398676 #1160] DEBUG -- : REQUESTING PAGE: GET http://localhost:4567/twoplayers with {} and HTTP headers {"HTTP_REFERER"=>"/setData"}
D, [2020-06-15T23:22:46.218177 #2360] DEBUG -- : REQUESTING PAGE: GET http://localhost:4567/ with {} and HTTP headers {}
D, [2020-06-15T23:22:46.368986 #2360] DEBUG -- : REQUESTING PAGE: POST /setData with {"difficult"=>"4", "gameMode"=>"C", "players"=>"2"} and HTTP headers {"HTTP_REFERER"=>"http://localhost:4567/"}
D, [2020-06-15T23:22:46.392619 #2360] DEBUG -- : REQUESTING PAGE: GET http://localhost:4567/twoplayers with {} and HTTP headers {"HTTP_REFERER"=>"/setData"}
D, [2020-06-15T23:31:35.590344 #1980] DEBUG -- : REQUESTING PAGE: GET http://localhost:4567/twoplayers with {} and HTTP headers {}
D, [2020-06-15T23:32:07.830422 #10304] DEBUG -- : REQUESTING PAGE: GET http://localhost:4567/ with {} and HTTP headers {}
D, [2020-06-15T23:32:07.939669 #10304] DEBUG -- : REQUESTING PAGE: POST /setData with {"difficult"=>"4", "gameMode"=>"C", "players"=>"1"} and HTTP headers {"HTTP_REFERER"=>"http://localhost:4567/"}
D, [2020-06-15T23:32:07.954896 #10304] DEBUG -- : REQUESTING PAGE: GET http://localhost:4567/oneplayer with {} and HTTP headers {"HTTP_REFERER"=>"/setData"}
D, [2020-06-15T23:32:07.959413 #10304] DEBUG -- : REQUESTING PAGE: GET http://localhost:4567/ with {} and HTTP headers {}
D, [2020-06-15T23:32:07.974367 #10304] DEBUG -- : REQUESTING PAGE: POST /setData with {"difficult"=>"6", "gameMode"=>"C", "players"=>"1"} and HTTP headers {"HTTP_REFERER"=>"http://localhost:4567/"}
D, [2020-06-15T23:32:07.989809 #10304] DEBUG -- : REQUESTING PAGE: GET http://localhost:4567/oneplayer with {} and HTTP headers {"HTTP_REFERER"=>"/setData"}
D, [2020-06-15T23:32:08.004741 #10304] DEBUG -- : REQUESTING PAGE: GET http://localhost:4567/ with {} and HTTP headers {}
D, [2020-06-15T23:32:08.021639 #10304] DEBUG -- : REQUESTING PAGE: POST /setData with {"difficult"=>"8", "gameMode"=>"C", "players"=>"1"} and HTTP headers {"HTTP_REFERER"=>"http://localhost:4567/"}
D, [2020-06-15T23:32:08.033631 #10304] DEBUG -- : REQUESTING PAGE: GET http://localhost:4567/oneplayer with {} and HTTP headers {"HTTP_REFERER"=>"/setData"}
D, [2020-06-15T23:32:08.040880 #10304] DEBUG -- : REQUESTING PAGE: GET http://localhost:4567/ with {} and HTTP headers {}
D, [2020-06-15T23:32:08.056683 #10304] DEBUG -- : REQUESTING PAGE: POST /setData with {"difficult"=>"4", "gameMode"=>"C", "players"=>"1"} and HTTP headers {"HTTP_REFERER"=>"http://localhost:4567/"}
D, [2020-06-15T23:32:08.071009 #10304] DEBUG -- : REQUESTING PAGE: GET http://localhost:4567/oneplayer with {} and HTTP headers {"HTTP_REFERER"=>"/setData"}
D, [2020-06-15T23:32:08.091442 #10304] DEBUG -- : REQUESTING PAGE: GET http://localhost:4567/ with {} and HTTP headers {}
D, [2020-06-15T23:32:08.122973 #10304] DEBUG -- : REQUESTING PAGE: POST /setData with {"difficult"=>"4", "gameMode"=>"N", "players"=>"2"} and HTTP headers {"HTTP_REFERER"=>"http://localhost:4567/"}
D, [2020-06-15T23:32:08.151594 #10304] DEBUG -- : REQUESTING PAGE: GET http://localhost:4567/twoplayers with {} and HTTP headers {"HTTP_REFERER"=>"/setData"}
D, [2020-06-15T23:32:08.156820 #10304] DEBUG -- : REQUESTING PAGE: GET http://localhost:4567/ with {} and HTTP headers {}
D, [2020-06-15T23:32:08.173419 #10304] DEBUG -- : REQUESTING PAGE: POST /setData with {"difficult"=>"4", "gameMode"=>"C", "players"=>"2"} and HTTP headers {"HTTP_REFERER"=>"http://localhost:4567/"}
D, [2020-06-15T23:32:08.186404 #10304] DEBUG -- : REQUESTING PAGE: GET http://localhost:4567/twoplayers with {} and HTTP headers {"HTTP_REFERER"=>"/setData"}
D, [2020-06-15T23:33:34.177751 #10496] DEBUG -- : REQUESTING PAGE: GET http://localhost:4567/twoplayers with {} and HTTP headers {}
D, [2020-06-15T23:34:53.200993 #7752] DEBUG -- : REQUESTING PAGE: GET http://localhost:4567/twoplayers with {} and HTTP headers {}
D, [2020-06-15T23:37:25.779961 #5308] DEBUG -- : REQUESTING PAGE: GET http://localhost:4567/ with {} and HTTP headers {}
D, [2020-06-15T23:37:25.891335 #5308] DEBUG -- : REQUESTING PAGE: POST /setData with {"difficult"=>"4", "gameMode"=>"C", "players"=>"2"} and HTTP headers {"HTTP_REFERER"=>"http://localhost:4567/"}
D, [2020-06-15T23:38:17.588266 #2292] DEBUG -- : REQUESTING PAGE: GET http://localhost:4567/ with {} and HTTP headers {}
D, [2020-06-15T23:38:17.691616 #2292] DEBUG -- : REQUESTING PAGE: POST /setData with {"difficult"=>"4", "gameMode"=>"C", "players"=>"2"} and HTTP headers {"HTTP_REFERER"=>"http://localhost:4567/"}
D, [2020-06-15T23:38:17.707332 #2292] DEBUG -- : REQUESTING PAGE: GET http://localhost:4567/twoplayers with {} and HTTP headers {"HTTP_REFERER"=>"/setData"}
D, [2020-06-15T23:39:50.393892 #4000] DEBUG -- : REQUESTING PAGE: GET http://localhost:4567/ with {} and HTTP headers {}
D, [2020-06-15T23:39:50.504465 #4000] DEBUG -- : REQUESTING PAGE: POST /setData with {"difficult"=>"4", "gameMode"=>"C", "players"=>"2"} and HTTP headers {"HTTP_REFERER"=>"http://localhost:4567/"}
D, [2020-06-15T23:39:50.525685 #4000] DEBUG -- : REQUESTING PAGE: GET http://localhost:4567/twoplayers with {} and HTTP headers {"HTTP_REFERER"=>"/setData"}
D, [2020-06-15T23:40:32.400201 #8728] DEBUG -- : REQUESTING PAGE: GET http://localhost:4567/ with {} and HTTP headers {}
D, [2020-06-15T23:40:32.510636 #8728] DEBUG -- : REQUESTING PAGE: POST /setData with {"difficult"=>"4", "gameMode"=>"C", "players"=>"2"} and HTTP headers {"HTTP_REFERER"=>"http://localhost:4567/"}
D, [2020-06-15T23:40:32.528775 #8728] DEBUG -- : REQUESTING PAGE: GET http://localhost:4567/twoplayers with {} and HTTP headers {"HTTP_REFERER"=>"/setData"}
D, [2020-06-15T23:41:04.868943 #3092] DEBUG -- : REQUESTING PAGE: GET http://localhost:4567/ with {} and HTTP headers {}
D, [2020-06-15T23:41:04.996858 #3092] DEBUG -- : REQUESTING PAGE: POST /setData with {"difficult"=>"4", "gameMode"=>"C", "players"=>"2"} and HTTP headers {"HTTP_REFERER"=>"http://localhost:4567/"}
D, [2020-06-15T23:41:05.018070 #3092] DEBUG -- : REQUESTING PAGE: GET http://localhost:4567/twoplayers with {} and HTTP headers {"HTTP_REFERER"=>"/setData"}
D, [2020-06-15T23:42:36.866184 #340] DEBUG -- : REQUESTING PAGE: GET http://localhost:4567/ with {} and HTTP headers {}
D, [2020-06-15T23:42:36.970076 #340] DEBUG -- : REQUESTING PAGE: POST /setData with {"difficult"=>"4", "gameMode"=>"C", "players"=>"2"} and HTTP headers {"HTTP_REFERER"=>"http://localhost:4567/"}
D, [2020-06-15T23:42:36.989579 #340] DEBUG -- : REQUESTING PAGE: GET http://localhost:4567/twoplayers with {} and HTTP headers {"HTTP_REFERER"=>"/setData"}
D, [2020-06-15T23:45:55.805399 #10464] DEBUG -- : REQUESTING PAGE: GET http://localhost:4567/ with {} and HTTP headers {}
D, [2020-06-15T23:45:55.911343 #10464] DEBUG -- : REQUESTING PAGE: POST /setData with {"difficult"=>"4", "gameMode"=>"C", "players"=>"2"} and HTTP headers {"HTTP_REFERER"=>"http://localhost:4567/"}
D, [2020-06-15T23:45:55.927061 #10464] DEBUG -- : REQUESTING PAGE: GET http://localhost:4567/twoplayers with {} and HTTP headers {"HTTP_REFERER"=>"/setData"}
D, [2020-06-15T23:47:21.437335 #5684] DEBUG -- : REQUESTING PAGE: GET http://localhost:4567/ with {} and HTTP headers {}
D, [2020-06-15T23:47:21.556077 #5684] DEBUG -- : REQUESTING PAGE: POST /setData with {"difficult"=>"4", "gameMode"=>"C", "players"=>"2"} and HTTP headers {"HTTP_REFERER"=>"http://localhost:4567/"}
D, [2020-06-15T23:47:21.575495 #5684] DEBUG -- : REQUESTING PAGE: GET http://localhost:4567/twoplayers with {} and HTTP headers {"HTTP_REFERER"=>"/setData"}
D, [2020-06-15T23:48:50.839458 #8312] DEBUG -- : REQUESTING PAGE: GET http://localhost:4567/ with {} and HTTP headers {}
D, [2020-06-15T23:48:50.961425 #8312] DEBUG -- : REQUESTING PAGE: POST /setData with {"difficult"=>"4", "gameMode"=>"C", "players"=>"2"} and HTTP headers {"HTTP_REFERER"=>"http://localhost:4567/"}
D, [2020-06-15T23:48:50.982991 #8312] DEBUG -- : REQUESTING PAGE: GET http://localhost:4567/twoplayers with {} and HTTP headers {"HTTP_REFERER"=>"/setData"}
D, [2020-06-15T23:51:04.896375 #9692] DEBUG -- : REQUESTING PAGE: GET http://localhost:4567/ with {} and HTTP headers {}
D, [2020-06-15T23:51:05.010013 #9692] DEBUG -- : REQUESTING PAGE: POST /setData with {"difficult"=>"4", "gameMode"=>"C", "players"=>"2"} and HTTP headers {"HTTP_REFERER"=>"http://localhost:4567/"}
D, [2020-06-15T23:51:05.030163 #9692] DEBUG -- : REQUESTING PAGE: GET http://localhost:4567/twoplayers with {} and HTTP headers {"HTTP_REFERER"=>"/setData"}
D, [2020-06-15T23:51:26.050824 #6456] DEBUG -- : REQUESTING PAGE: GET http://localhost:4567/ with {} and HTTP headers {}
D, [2020-06-15T23:51:26.166205 #6456] DEBUG -- : REQUESTING PAGE: POST /setData with {"difficult"=>"4", "gameMode"=>"C", "players"=>"2"} and HTTP headers {"HTTP_REFERER"=>"http://localhost:4567/"}
D, [2020-06-15T23:51:26.193638 #6456] DEBUG -- : REQUESTING PAGE: GET http://localhost:4567/twoplayers with {} and HTTP headers {"HTTP_REFERER"=>"/setData"}
D, [2020-06-15T23:52:09.535240 #10944] DEBUG -- : REQUESTING PAGE: GET http://localhost:4567/ with {} and HTTP headers {}
D, [2020-06-15T23:52:09.673108 #10944] DEBUG -- : REQUESTING PAGE: POST /setData with {"difficult"=>"4", "gameMode"=>"C", "players"=>"2"} and HTTP headers {"HTTP_REFERER"=>"http://localhost:4567/"}
D, [2020-06-15T23:52:09.693565 #10944] DEBUG -- : REQUESTING PAGE: GET http://localhost:4567/twoplayers with {} and HTTP headers {"HTTP_REFERER"=>"/setData"}
D, [2020-06-15T23:54:57.026901 #5108] DEBUG -- : REQUESTING PAGE: GET http://localhost:4567/ with {} and HTTP headers {}
D, [2020-06-15T23:54:57.137182 #5108] DEBUG -- : REQUESTING PAGE: POST /setData with {"difficult"=>"4", "gameMode"=>"C", "players"=>"2"} and HTTP headers {"HTTP_REFERER"=>"http://localhost:4567/"}
D, [2020-06-15T23:54:57.157106 #5108] DEBUG -- : REQUESTING PAGE: GET http://localhost:4567/twoplayers with {} and HTTP headers {"HTTP_REFERER"=>"/setData"}
D, [2020-06-15T23:56:04.215827 #5800] DEBUG -- : REQUESTING PAGE: GET http://localhost:4567/ with {} and HTTP headers {}
D, [2020-06-15T23:56:04.345097 #5800] DEBUG -- : REQUESTING PAGE: POST /setData with {"difficult"=>"4", "gameMode"=>"C", "players"=>"2"} and HTTP headers {"HTTP_REFERER"=>"http://localhost:4567/"}
D, [2020-06-15T23:56:04.369741 #5800] DEBUG -- : REQUESTING PAGE: GET http://localhost:4567/twoplayers with {} and HTTP headers {"HTTP_REFERER"=>"/setData"}
D, [2020-06-15T23:58:32.495588 #6108] DEBUG -- : REQUESTING PAGE: GET http://localhost:4567/ with {} and HTTP headers {}
D, [2020-06-15T23:58:32.612198 #6108] DEBUG -- : REQUESTING PAGE: GET http://localhost:4567/ with {} and HTTP headers {}
D, [2020-06-15T23:58:32.637544 #6108] DEBUG -- : REQUESTING PAGE: GET http://localhost:4567/ with {} and HTTP headers {}
D, [2020-06-15T23:58:32.670210 #6108] DEBUG -- : REQUESTING PAGE: GET http://localhost:4567/ with {} and HTTP headers {}
D, [2020-06-15T23:58:32.703670 #6108] DEBUG -- : REQUESTING PAGE: GET http://localhost:4567/ with {} and HTTP headers {}
D, [2020-06-15T23:58:32.737329 #6108] DEBUG -- : REQUESTING PAGE: GET http://localhost:4567/ with {} and HTTP headers {}
D, [2020-06-15T23:59:32.941916 #11148] DEBUG -- : REQUESTING PAGE: GET http://localhost:4567/ with {} and HTTP headers {}
D, [2020-06-15T23:59:33.077230 #11148] DEBUG -- : REQUESTING PAGE: GET http://localhost:4567/ with {} and HTTP headers {}
D, [2020-06-15T23:59:33.113306 #11148] DEBUG -- : REQUESTING PAGE: GET http://localhost:4567/ with {} and HTTP headers {}
D, [2020-06-15T23:59:33.147349 #11148] DEBUG -- : REQUESTING PAGE: GET http://localhost:4567/ with {} and HTTP headers {}
D, [2020-06-15T23:59:33.182451 #11148] DEBUG -- : REQUESTING PAGE: GET http://localhost:4567/ with {} and HTTP headers {}
D, [2020-06-15T23:59:33.219030 #11148] DEBUG -- : REQUESTING PAGE: GET http://localhost:4567/ with {} and HTTP headers {}
D, [2020-06-15T23:59:59.805078 #984] DEBUG -- : REQUESTING PAGE: GET http://localhost:4567/ with {} and HTTP headers {}
D, [2020-06-15T23:59:59.935743 #984] DEBUG -- : REQUESTING PAGE: GET http://localhost:4567/ with {} and HTTP headers {}
D, [2020-06-16T00:00:00.018371 #984] DEBUG -- : REQUESTING PAGE: GET http://localhost:4567/ with {} and HTTP headers {}
D, [2020-06-16T00:00:00.070140 #984] DEBUG -- : REQUESTING PAGE: GET http://localhost:4567/ with {} and HTTP headers {}
D, [2020-06-16T00:00:00.118527 #984] DEBUG -- : REQUESTING PAGE: GET http://localhost:4567/ with {} and HTTP headers {}
D, [2020-06-16T00:00:00.153860 #984] DEBUG -- : REQUESTING PAGE: GET http://localhost:4567/ with {} and HTTP headers {}
D, [2020-06-16T00:00:30.016240 #10216] DEBUG -- : REQUESTING PAGE: GET http://localhost:4567/ with {} and HTTP headers {}
D, [2020-06-16T00:00:30.143233 #10216] DEBUG -- : REQUESTING PAGE: GET http://localhost:4567/ with {} and HTTP headers {}
D, [2020-06-16T00:00:30.180090 #10216] DEBUG -- : REQUESTING PAGE: GET http://localhost:4567/ with {} and HTTP headers {}
D, [2020-06-16T00:00:30.214174 #10216] DEBUG -- : REQUESTING PAGE: GET http://localhost:4567/ with {} and HTTP headers {}
D, [2020-06-16T00:00:30.246007 #10216] DEBUG -- : REQUESTING PAGE: GET http://localhost:4567/ with {} and HTTP headers {}
D, [2020-06-16T00:00:30.280696 #10216] DEBUG -- : REQUESTING PAGE: GET http://localhost:4567/ with {} and HTTP headers {}
D, [2020-06-16T00:00:45.530410 #3960] DEBUG -- : REQUESTING PAGE: GET http://localhost:4567/ with {} and HTTP headers {}
D, [2020-06-16T00:00:45.641735 #3960] DEBUG -- : REQUESTING PAGE: POST /setData with {"difficult"=>"4", "gameMode"=>"C", "players"=>"1"} and HTTP headers {"HTTP_REFERER"=>"http://localhost:4567/"}
D, [2020-06-16T00:00:45.657751 #3960] DEBUG -- : REQUESTING PAGE: GET http://localhost:4567/oneplayer with {} and HTTP headers {"HTTP_REFERER"=>"/setData"}
D, [2020-06-16T00:00:45.669265 #3960] DEBUG -- : REQUESTING PAGE: GET http://localhost:4567/ with {} and HTTP headers {}
D, [2020-06-16T00:00:45.688264 #3960] DEBUG -- : REQUESTING PAGE: POST /setData with {"difficult"=>"6", "gameMode"=>"C", "players"=>"1"} and HTTP headers {"HTTP_REFERER"=>"http://localhost:4567/"}
D, [2020-06-16T00:00:45.692296 #3960] DEBUG -- : REQUESTING PAGE: GET http://localhost:4567/oneplayer with {} and HTTP headers {"HTTP_REFERER"=>"/setData"}
D, [2020-06-16T00:00:45.708765 #3960] DEBUG -- : REQUESTING PAGE: GET http://localhost:4567/ with {} and HTTP headers {}
D, [2020-06-16T00:00:45.724360 #3960] DEBUG -- : REQUESTING PAGE: POST /setData with {"difficult"=>"8", "gameMode"=>"C", "players"=>"1"} and HTTP headers {"HTTP_REFERER"=>"http://localhost:4567/"}
D, [2020-06-16T00:00:45.740306 #3960] DEBUG -- : REQUESTING PAGE: GET http://localhost:4567/oneplayer with {} and HTTP headers {"HTTP_REFERER"=>"/setData"}
D, [2020-06-16T00:00:45.751804 #3960] DEBUG -- : REQUESTING PAGE: GET http://localhost:4567/ with {} and HTTP headers {}
D, [2020-06-16T00:00:45.773730 #3960] DEBUG -- : REQUESTING PAGE: POST /setData with {"difficult"=>"4", "gameMode"=>"C", "players"=>"1"} and HTTP headers {"HTTP_REFERER"=>"http://localhost:4567/"}
D, [2020-06-16T00:00:45.791348 #3960] DEBUG -- : REQUESTING PAGE: GET http://localhost:4567/oneplayer with {} and HTTP headers {"HTTP_REFERER"=>"/setData"}
D, [2020-06-16T00:00:45.807115 #3960] DEBUG -- : REQUESTING PAGE: GET http://localhost:4567/ with {} and HTTP headers {}
D, [2020-06-16T00:00:45.828096 #3960] DEBUG -- : REQUESTING PAGE: POST /setData with {"difficult"=>"4", "gameMode"=>"N", "players"=>"2"} and HTTP headers {"HTTP_REFERER"=>"http://localhost:4567/"}
D, [2020-06-16T00:00:45.840217 #3960] DEBUG -- : REQUESTING PAGE: GET http://localhost:4567/twoplayers with {} and HTTP headers {"HTTP_REFERER"=>"/setData"}
D, [2020-06-16T00:00:45.852367 #3960] DEBUG -- : REQUESTING PAGE: GET http://localhost:4567/ with {} and HTTP headers {}
D, [2020-06-16T00:00:45.872945 #3960] DEBUG -- : REQUESTING PAGE: POST /setData with {"difficult"=>"4", "gameMode"=>"C", "players"=>"2"} and HTTP headers {"HTTP_REFERER"=>"http://localhost:4567/"}
D, [2020-06-16T00:00:45.877336 #3960] DEBUG -- : REQUESTING PAGE: GET http://localhost:4567/twoplayers with {} and HTTP headers {"HTTP_REFERER"=>"/setData"}
D, [2020-06-16T00:01:14.381145 #2836] DEBUG -- : REQUESTING PAGE: GET http://localhost:4567/ with {} and HTTP headers {}
D, [2020-06-16T00:01:14.495056 #2836] DEBUG -- : REQUESTING PAGE: POST /setData with {"difficult"=>"4", "gameMode"=>"C", "players"=>"2"} and HTTP headers {"HTTP_REFERER"=>"http://localhost:4567/"}
D, [2020-06-16T00:01:14.513644 #2836] DEBUG -- : REQUESTING PAGE: GET http://localhost:4567/twoplayers with {} and HTTP headers {"HTTP_REFERER"=>"/setData"}
D, [2020-06-16T00:02:17.342632 #9704] DEBUG -- : REQUESTING PAGE: GET http://localhost:4567/ with {} and HTTP headers {}
D, [2020-06-16T00:02:17.455426 #9704] DEBUG -- : REQUESTING PAGE: POST /setData with {"difficult"=>"4", "gameMode"=>"C", "players"=>"2"} and HTTP headers {"HTTP_REFERER"=>"http://localhost:4567/"}
D, [2020-06-16T00:02:17.475878 #9704] DEBUG -- : REQUESTING PAGE: GET http://localhost:4567/twoplayers with {} and HTTP headers {"HTTP_REFERER"=>"/setData"}
D, [2020-06-16T00:03:04.087752 #8368] DEBUG -- : REQUESTING PAGE: GET http://localhost:4567/ with {} and HTTP headers {}
D, [2020-06-16T00:03:04.197320 #8368] DEBUG -- : REQUESTING PAGE: POST /setData with {"difficult"=>"4", "gameMode"=>"C", "players"=>"2"} and HTTP headers {"HTTP_REFERER"=>"http://localhost:4567/"}
D, [2020-06-16T00:03:04.225026 #8368] DEBUG -- : REQUESTING PAGE: GET http://localhost:4567/twoplayers with {} and HTTP headers {"HTTP_REFERER"=>"/setData"}
D, [2020-06-16T00:04:41.671592 #1920] DEBUG -- : REQUESTING PAGE: GET http://localhost:4567/ with {} and HTTP headers {}
D, [2020-06-16T00:04:41.794669 #1920] DEBUG -- : REQUESTING PAGE: POST /setData with {"difficult"=>"4", "gameMode"=>"C", "players"=>"2"} and HTTP headers {"HTTP_REFERER"=>"http://localhost:4567/"}
D, [2020-06-16T00:04:41.813504 #1920] DEBUG -- : REQUESTING PAGE: GET http://localhost:4567/twoplayers with {} and HTTP headers {"HTTP_REFERER"=>"/setData"}
D, [2020-06-16T00:11:16.441882 #7828] DEBUG -- : REQUESTING PAGE: GET http://localhost:4567/ with {} and HTTP headers {}
D, [2020-06-16T00:11:16.577156 #7828] DEBUG -- : REQUESTING PAGE: POST /setData with {"difficult"=>"4", "gameMode"=>"C", "players"=>"2"} and HTTP headers {"HTTP_REFERER"=>"http://localhost:4567/"}
D, [2020-06-16T00:11:16.609524 #7828] DEBUG -- : REQUESTING PAGE: GET http://localhost:4567/twoplayers with {} and HTTP headers {"HTTP_REFERER"=>"/setData"}
D, [2020-06-16T00:12:48.427439 #2480] DEBUG -- : REQUESTING PAGE: GET http://localhost:4567/ with {} and HTTP headers {}
D, [2020-06-16T00:12:48.552920 #2480] DEBUG -- : REQUESTING PAGE: POST /setData with {"difficult"=>"4", "gameMode"=>"C", "players"=>"1"} and HTTP headers {"HTTP_REFERER"=>"http://localhost:4567/"}
D, [2020-06-16T00:12:48.580966 #2480] DEBUG -- : REQUESTING PAGE: GET http://localhost:4567/oneplayer with {} and HTTP headers {"HTTP_REFERER"=>"/setData"}
D, [2020-06-16T00:12:48.611267 #2480] DEBUG -- : REQUESTING PAGE: GET http://localhost:4567/ with {} and HTTP headers {}
D, [2020-06-16T00:12:48.651436 #2480] DEBUG -- : REQUESTING PAGE: POST /setData with {"difficult"=>"6", "gameMode"=>"C", "players"=>"1"} and HTTP headers {"HTTP_REFERER"=>"http://localhost:4567/"}
D, [2020-06-16T00:12:48.679080 #2480] DEBUG -- : REQUESTING PAGE: GET http://localhost:4567/oneplayer with {} and HTTP headers {"HTTP_REFERER"=>"/setData"}
D, [2020-06-16T00:12:48.698045 #2480] DEBUG -- : REQUESTING PAGE: GET http://localhost:4567/ with {} and HTTP headers {}
D, [2020-06-16T00:12:48.728998 #2480] DEBUG -- : REQUESTING PAGE: POST /setData with {"difficult"=>"8", "gameMode"=>"C", "players"=>"1"} and HTTP headers {"HTTP_REFERER"=>"http://localhost:4567/"}
D, [2020-06-16T00:12:48.734435 #2480] DEBUG -- : REQUESTING PAGE: GET http://localhost:4567/oneplayer with {} and HTTP headers {"HTTP_REFERER"=>"/setData"}
D, [2020-06-16T00:12:48.763628 #2480] DEBUG -- : REQUESTING PAGE: GET http://localhost:4567/ with {} and HTTP headers {}
D, [2020-06-16T00:12:48.796009 #2480] DEBUG -- : REQUESTING PAGE: POST /setData with {"difficult"=>"4", "gameMode"=>"C", "players"=>"1"} and HTTP headers {"HTTP_REFERER"=>"http://localhost:4567/"}
D, [2020-06-16T00:12:48.809219 #2480] DEBUG -- : REQUESTING PAGE: GET http://localhost:4567/oneplayer with {} and HTTP headers {"HTTP_REFERER"=>"/setData"}
D, [2020-06-16T00:12:48.814361 #2480] DEBUG -- : REQUESTING PAGE: GET http://localhost:4567/ with {} and HTTP headers {}
D, [2020-06-16T00:12:48.846488 #2480] DEBUG -- : REQUESTING PAGE: POST /setData with {"difficult"=>"4", "gameMode"=>"N", "players"=>"2"} and HTTP headers {"HTTP_REFERER"=>"http://localhost:4567/"}
D, [2020-06-16T00:12:48.860079 #2480] DEBUG -- : REQUESTING PAGE: GET http://localhost:4567/twoplayers with {} and HTTP headers {"HTTP_REFERER"=>"/setData"}
D, [2020-06-16T00:12:48.868837 #2480] DEBUG -- : REQUESTING PAGE: GET http://localhost:4567/ with {} and HTTP headers {}
D, [2020-06-16T00:12:48.958841 #2480] DEBUG -- : REQUESTING PAGE: POST /setData with {"difficult"=>"4", "gameMode"=>"C", "players"=>"2"} and HTTP headers {"HTTP_REFERER"=>"http://localhost:4567/"}
D, [2020-06-16T00:12:48.963387 #2480] DEBUG -- : REQUESTING PAGE: GET http://localhost:4567/twoplayers with {} and HTTP headers {"HTTP_REFERER"=>"/setData"}
D, [2020-06-16T00:13:29.980075 #6204] DEBUG -- : REQUESTING PAGE: GET http://localhost:4567/ with {} and HTTP headers {}
D, [2020-06-16T00:13:30.131398 #6204] DEBUG -- : REQUESTING PAGE: POST /setData with {"difficult"=>"4", "gameMode"=>"C", "players"=>"2"} and HTTP headers {"HTTP_REFERER"=>"http://localhost:4567/"}
D, [2020-06-16T00:13:30.155480 #6204] DEBUG -- : REQUESTING PAGE: GET http://localhost:4567/twoplayers with {} and HTTP headers {"HTTP_REFERER"=>"/setData"}
D, [2020-06-16T00:14:51.072036 #8144] DEBUG -- : REQUESTING PAGE: GET http://localhost:4567/ with {} and HTTP headers {}
D, [2020-06-16T00:14:51.232694 #8144] DEBUG -- : REQUESTING PAGE: POST /setData with {"difficult"=>"4", "gameMode"=>"C", "players"=>"2"} and HTTP headers {"HTTP_REFERER"=>"http://localhost:4567/"}
D, [2020-06-16T00:14:51.257138 #8144] DEBUG -- : REQUESTING PAGE: GET http://localhost:4567/twoplayers with {} and HTTP headers {"HTTP_REFERER"=>"/setData"}
